12/5/2023, 1:16:45 am: *********************
12/5/2023, 1:16:46 am: Cunnime has started!
12/5/2023, 1:16:46 am: *********************
12/5/2023, 1:16:46 am: Cunnime server listening on port 4000!
12/5/2023, 1:17:14 am: REQUEST:: 833043806: undefined
12/5/2023, 1:17:14 am: 833043806: undefined
12/5/2023, 1:17:14 am: ye boi permit
12/5/2023, 1:17:15 am: POSTGRES: Add subscription - Documents updated: 1: 16498
12/5/2023, 1:17:19 am: REQUEST:: 833043806: 1
12/5/2023, 1:17:19 am: 833043806: 1
12/5/2023, 1:17:19 am: permit
12/5/2023, 1:17:25 am: REQUEST:: 833043806: 1
12/5/2023, 1:17:25 am: 833043806: 1
12/5/2023, 1:17:25 am: permit
12/5/2023, 1:17:45 am: REQUEST:: 833043806: 1
12/5/2023, 1:17:45 am: 833043806: 1
12/5/2023, 1:17:45 am: permit
12/5/2023, 1:17:46 am: POSTGRES: Add subscription - Documents updated: 1: 16498
12/5/2023, 1:17:53 am: REQUEST:: 833043806: 1
12/5/2023, 1:17:53 am: 833043806: 1
12/5/2023, 1:17:53 am: permit
